#
# There is insufficient memory for the Java Runtime Environment to continue.
# Native memory allocation (malloc) failed to allocate 1197456 bytes for Chunk::new
# Possible reasons:
#   The system is out of physical RAM or swap space
#   In 32 bit mode, the process size limit was hit
# Possible solutions:
#   Reduce memory load on the system
#   Increase physical memory or swap space
#   Check if swap backing store is full
#   Use 64 bit Java on a 64 bit OS
#   Decrease Java heap size (-Xmx/-Xms)
#   Decrease number of Java threads
#   Decrease Java thread stack sizes (-Xss)
#   Set larger code cache with -XX:ReservedCodeCacheSize=
# This output file may be truncated or incomplete.
#
#  Out of Memory Error (allocation.cpp:390), pid=6488, tid=0x0000000000001d54
#
# JRE version: OpenJDK Runtime Environment (8.0_76-b03) (build 1.8.0_76-release-b03)
# Java VM: OpenJDK 64-Bit Server VM (25.76-b03 mixed mode windows-amd64 compressed oops)
# Failed to write core dump. Minidumps are not enabled by default on client versions of Windows
#

---------------  T H R E A D  ---------------

Current thread (0x000000001502e000):  JavaThread "C2 CompilerThread1" daemon [_thread_in_native, id=7508, stack(0x0000000016790000,0x0000000016890000)]

Stack: [0x0000000016790000,0x0000000016890000]
[error occurred during error reporting (printing stack bounds), id 0xc0000005]

Native frames: (J=compiled Java code, j=interpreted, Vv=VM code, C=native code)


Current CompileTask:
C2:  15445 2487   !   4       com.android.dx.cf.code.BytecodeArray::parseInstruction (2764 bytes)


---------------  P R O C E S S  ---------------

Java Threads: ( => current thread )
  0x0000000016c02800 JavaThread "pool-2-thread-4" [_thread_blocked, id=7108, stack(0x0000000017390000,0x0000000017490000)]
  0x0000000016bff800 JavaThread "pool-2-thread-3" [_thread_blocked, id=6976, stack(0x0000000017290000,0x0000000017390000)]
  0x0000000016bfc800 JavaThread "pool-2-thread-2" [_thread_blocked, id=4648, stack(0x0000000017190000,0x0000000017290000)]
  0x0000000016be4000 JavaThread "pool-3-thread-1" [_thread_blocked, id=8640, stack(0x0000000017090000,0x0000000017190000)]
  0x0000000016be1800 JavaThread "pool-2-thread-1" [_thread_blocked, id=8492, stack(0x0000000016f90000,0x0000000017090000)]
  0x00000000169b3000 JavaThread "Service Thread" daemon [_thread_blocked, id=8576, stack(0x0000000016d90000,0x0000000016e90000)]
  0x0000000015032800 JavaThread "C1 CompilerThread2" daemon [_thread_blocked, id=5504, stack(0x0000000016890000,0x0000000016990000)]
=>0x000000001502e000 JavaThread "C2 CompilerThread1" daemon [_thread_in_native, id=7508, stack(0x0000000016790000,0x0000000016890000)]
  0x000000001502c000 JavaThread "C2 CompilerThread0" daemon [_thread_in_native, id=5372, stack(0x0000000016690000,0x0000000016790000)]
  0x000000001502a800 JavaThread "Attach Listener" daemon [_thread_blocked, id=7268, stack(0x0000000016590000,0x0000000016690000)]
  0x000000001502a000 JavaThread "Signal Dispatcher" daemon [_thread_blocked, id=5988, stack(0x0000000016490000,0x0000000016590000)]
  0x000000000295a800 JavaThread "Finalizer" daemon [_thread_blocked, id=8328, stack(0x00000000162a0000,0x00000000163a0000)]
  0x0000000014ff7000 JavaThread "Reference Handler" daemon [_thread_blocked, id=8624, stack(0x00000000161a0000,0x00000000162a0000)]
  0x0000000002860800 JavaThread "main" [_thread_in_native, id=8332, stack(0x00000000026e0000,0x00000000027e0000)]

Other Threads:
  0x0000000014ff4000 VMThread [stack: 0x00000000160a0000,0x00000000161a0000] [id=2960]
  0x00000000169b4800 WatcherThread [stack: 0x0000000016e90000,0x0000000016f90000] [id=9100]

VM state:not at safepoint (normal execution)

VM Mutex/Monitor currently owned by a thread: None

Heap:
 PSYoungGen      total 222720K, used 181158K [0x00000000eab00000, 0x0000000100000000, 0x0000000100000000)
  eden space 150528K, 81% used [0x00000000eab00000,0x00000000f23437e0,0x00000000f3e00000)
  from space 72192K, 80% used [0x00000000fb980000,0x00000000ff226228,0x0000000100000000)
  to   space 99328K, 0% used [0x00000000f3e00000,0x00000000f3e00000,0x00000000f9f00000)
 ParOldGen       total 267776K, used 141272K [0x00000000c0000000, 0x00000000d0580000, 0x00000000eab00000)
  object space 267776K, 52% used [0x00000000c0000000,0x00000000c89f6170,0x00000000d0580000)
 Metaspace       used 6226K, capacity 7216K, committed 7296K, reserved 1056768K
  class space    used 578K, capacity 616K, committed 640K, reserved 1048576K

Card table byte_map: [0x0000000011d20000,0x0000000011f30000] byte_map_base: 0x0000000011720000

Marking Bits: (ParMarkBitMap*) 0x0000000076459d00
 Begin Bits: [0x0000000012490000, 0x0000000013490000)
 End Bits:   [0x0000000013490000, 0x0000000014490000)

Polling page: 0x0000000000f80000

CodeCache: size=245760Kb used=9787Kb max_used=10384Kb free=235972Kb
 bounds [0x0000000002960000, 0x00000000033c0000, 0x0000000011960000]
 total_blobs=2262 nmethods=2000 adapters=175
 compilation: enabled

Compilation events (10 events):
Event: 11.563 Thread 0x0000000015032800 2507       1       com.android.dx.cf.code.ByteCatchList$Item::getHandlerPc (5 bytes)
Event: 11.563 Thread 0x0000000015032800 nmethod 2507 0x0000000002d50450 code [0x0000000002d505a0, 0x0000000002d506b0]
Event: 11.563 Thread 0x0000000015032800 2508       3       com.android.dx.cf.code.Frame::makeExceptionHandlerStartFrame (34 bytes)
Event: 11.563 Thread 0x0000000015032800 nmethod 2508 0x0000000002d778d0 code [0x0000000002d77a60, 0x0000000002d77f98]
Event: 11.563 Thread 0x0000000015032800 2509       1       com.android.dx.cf.code.Ropper$ExceptionHandlerSetup::getLabel (5 bytes)
Event: 11.563 Thread 0x0000000015032800 nmethod 2509 0x0000000002e55810 code [0x0000000002e55960, 0x0000000002e55a70]
Event: 11.566 Thread 0x0000000015032800 2510 %     3       com.android.dx.ssa.back.FirstFitLocalCombiningAllocator::getLocalItemForReg @ 15 (97 bytes)
Event: 11.567 Thread 0x0000000015032800 nmethod 2510% 0x0000000002bf7110 code [0x0000000002bf7360, 0x0000000002bf8338]
Event: 11.567 Thread 0x0000000015032800 2511       3       com.android.dx.ssa.back.FirstFitLocalCombiningAllocator::getLocalItemForReg (97 bytes)
Event: 11.568 Thread 0x0000000015032800 nmethod 2511 0x0000000002f185d0 code [0x0000000002f18820, 0x0000000002f19798]

GC Heap History (10 events):
Event: 6.259 GC heap before
{Heap before GC invocations=8 (full 1):
 PSYoungGen      total 206336K, used 205876K [0x00000000eab00000, 0x00000000ff080000, 0x0000000100000000)
  eden space 175616K, 100% used [0x00000000eab00000,0x00000000f5680000,0x00000000f5680000)
  from space 30720K, 98% used [0x00000000fd280000,0x00000000ff00d290,0x00000000ff080000)
  to   space 43520K, 0% used [0x00000000f9b80000,0x00000000f9b80000,0x00000000fc600000)
 ParOldGen       total 141312K, used 51880K [0x00000000c0000000, 0x00000000c8a00000, 0x00000000eab00000)
  object space 141312K, 36% used [0x00000000c0000000,0x00000000c32aa2d0,0x00000000c8a00000)
 Metaspace       used 6033K, capacity 7152K, committed 7296K, reserved 1056768K
  class space    used 558K, capacity 616K, committed 640K, reserved 1048576K
Event: 6.327 GC heap after
Heap after GC invocations=8 (full 1):
 PSYoungGen      total 279552K, used 43503K [0x00000000eab00000, 0x0000000100000000, 0x0000000100000000)
  eden space 236032K, 0% used [0x00000000eab00000,0x00000000eab00000,0x00000000f9180000)
  from space 43520K, 99% used [0x00000000f9b80000,0x00000000fc5fbc90,0x00000000fc600000)
  to   space 57344K, 0% used [0x00000000fc800000,0x00000000fc800000,0x0000000100000000)
 ParOldGen       total 141312K, used 62240K [0x00000000c0000000, 0x00000000c8a00000, 0x00000000eab00000)
  object space 141312K, 44% used [0x00000000c0000000,0x00000000c3cc83a0,0x00000000c8a00000)
 Metaspace       used 6033K, capacity 7152K, committed 7296K, reserved 1056768K
  class space    used 558K, capacity 616K, committed 640K, reserved 1048576K
}
Event: 7.741 GC heap before
{Heap before GC invocations=9 (full 1):
 PSYoungGen      total 279552K, used 279535K [0x00000000eab00000, 0x0000000100000000, 0x0000000100000000)
  eden space 236032K, 100% used [0x00000000eab00000,0x00000000f9180000,0x00000000f9180000)
  from space 43520K, 99% used [0x00000000f9b80000,0x00000000fc5fbc90,0x00000000fc600000)
  to   space 57344K, 0% used [0x00000000fc800000,0x00000000fc800000,0x0000000100000000)
 ParOldGen       total 141312K, used 62240K [0x00000000c0000000, 0x00000000c8a00000, 0x00000000eab00000)
  object space 141312K, 44% used [0x00000000c0000000,0x00000000c3cc83a0,0x00000000c8a00000)
 Metaspace       used 6209K, capacity 7216K, committed 7296K, reserved 1056768K
  class space    used 578K, capacity 616K, committed 640K, reserved 1048576K
Event: 7.869 GC heap after
Heap after GC invocations=9 (full 1):
 PSYoungGen      total 262144K, used 57338K [0x00000000eab00000, 0x0000000100000000, 0x0000000100000000)
  eden space 204800K, 0% used [0x00000000eab00000,0x00000000eab00000,0x00000000f7300000)
  from space 57344K, 99% used [0x00000000fc800000,0x00000000ffffeb88,0x0000000100000000)
  to   space 72192K, 0% used [0x00000000f7300000,0x00000000f7300000,0x00000000fb980000)
 ParOldGen       total 141312K, used 73157K [0x00000000c0000000, 0x00000000c8a00000, 0x00000000eab00000)
  object space 141312K, 51% used [0x00000000c0000000,0x00000000c4771460,0x00000000c8a00000)
 Metaspace       used 6209K, capacity 7216K, committed 7296K, reserved 1056768K
  class space    used 578K, capacity 616K, committed 640K, reserved 1048576K
}
Event: 8.860 GC heap before
{Heap before GC invocations=10 (full 1):
 PSYoungGen      total 262144K, used 262138K [0x00000000eab00000, 0x0000000100000000, 0x0000000100000000)
  eden space 204800K, 100% used [0x00000000eab00000,0x00000000f7300000,0x00000000f7300000)
  from space 57344K, 99% used [0x00000000fc800000,0x00000000ffffeb88,0x0000000100000000)
  to   space 72192K, 0% used [0x00000000f7300000,0x00000000f7300000,0x00000000fb980000)
 ParOldGen       total 141312K, used 73157K [0x00000000c0000000, 0x00000000c8a00000, 0x00000000eab00000)
  object space 141312K, 51% used [0x00000000c0000000,0x00000000c4771460,0x00000000c8a00000)
 Metaspace       used 6220K, capacity 7216K, committed 7296K, reserved 1056768K
  class space    used 578K, capacity 616K, committed 640K, reserved 1048576K
Event: 9.009 GC heap after
Heap after GC invocations=10 (full 1):
 PSYoungGen      total 276992K, used 72163K [0x00000000eab00000, 0x0000000100000000, 0x0000000100000000)
  eden space 204800K, 0% used [0x00000000eab00000,0x00000000eab00000,0x00000000f7300000)
  from space 72192K, 99% used [0x00000000f7300000,0x00000000fb978f70,0x00000000fb980000)
  to   space 72192K, 0% used [0x00000000fb980000,0x00000000fb980000,0x0000000100000000)
 ParOldGen       total 141312K, used 107257K [0x00000000c0000000, 0x00000000c8a00000, 0x00000000eab00000)
  object space 141312K, 75% used [0x00000000c0000000,0x00000000c68be5e8,0x00000000c8a00000)
 Metaspace       used 6220K, capacity 7216K, committed 7296K, reserved 1056768K
  class space    used 578K, capacity 616K, committed 640K, reserved 1048576K
}
Event: 9.009 GC heap before
{Heap before GC invocations=11 (full 2):
 PSYoungGen      total 276992K, used 72163K [0x00000000eab00000, 0x0000000100000000, 0x0000000100000000)
  eden space 204800K, 0% used [0x00000000eab00000,0x00000000eab00000,0x00000000f7300000)
  from space 72192K, 99% used [0x00000000f7300000,0x00000000fb978f70,0x00000000fb980000)
  to   space 72192K, 0% used [0x00000000fb980000,0x00000000fb980000,0x0000000100000000)
 ParOldGen       total 141312K, used 107257K [0x00000000c0000000, 0x00000000c8a00000, 0x00000000eab00000)
  object space 141312K, 75% used [0x00000000c0000000,0x00000000c68be5e8,0x00000000c8a00000)
 Metaspace       used 6220K, capacity 7216K, committed 7296K, reserved 1056768K
  class space    used 578K, capacity 616K, committed 640K, reserved 1048576K
Event: 10.396 GC heap after
Heap after GC invocations=11 (full 2):
 PSYoungGen      total 276992K, used 11639K [0x00000000eab00000, 0x0000000100000000, 0x0000000100000000)
  eden space 204800K, 0% used [0x00000000eab00000,0x00000000eab00000,0x00000000f7300000)
  from space 72192K, 16% used [0x00000000f7300000,0x00000000f7e5dda0,0x00000000fb980000)
  to   space 72192K, 0% used [0x00000000fb980000,0x00000000fb980000,0x0000000100000000)
 ParOldGen       total 267776K, used 141256K [0x00000000c0000000, 0x00000000d0580000, 0x00000000eab00000)
  object space 267776K, 52% used [0x00000000c0000000,0x00000000c89f2170,0x00000000d0580000)
 Metaspace       used 6220K, capacity 7216K, committed 7296K, reserved 1056768K
  class space    used 578K, capacity 616K, committed 640K, reserved 1048576K
}
Event: 11.232 GC heap before
{Heap before GC invocations=12 (full 2):
 PSYoungGen      total 276992K, used 216439K [0x00000000eab00000, 0x0000000100000000, 0x0000000100000000)
  eden space 204800K, 100% used [0x00000000eab00000,0x00000000f7300000,0x00000000f7300000)
  from space 72192K, 16% used [0x00000000f7300000,0x00000000f7e5dda0,0x00000000fb980000)
  to   space 72192K, 0% used [0x00000000fb980000,0x00000000fb980000,0x0000000100000000)
 ParOldGen       total 267776K, used 141256K [0x00000000c0000000, 0x00000000d0580000, 0x00000000eab00000)
  object space 267776K, 52% used [0x00000000c0000000,0x00000000c89f2170,0x00000000d0580000)
 Metaspace       used 6225K, capacity 7216K, committed 7296K, reserved 1056768K
  class space    used 578K, capacity 616K, committed 640K, reserved 1048576K
Event: 11.339 GC heap after
Heap after GC invocations=12 (full 2):
 PSYoungGen      total 222720K, used 58008K [0x00000000eab00000, 0x0000000100000000, 0x0000000100000000)
  eden space 150528K, 0% used [0x00000000eab00000,0x00000000eab00000,0x00000000f3e00000)
  from space 72192K, 80% used [0x00000000fb980000,0x00000000ff226228,0x0000000100000000)
  to   space 99328K, 0% used [0x00000000f3e00000,0x00000000f3e00000,0x00000000f9f00000)
 ParOldGen       total 267776K, used 141272K [0x00000000c0000000, 0x00000000d0580000, 0x00000000eab00000)
  object space 267776K, 52% used [0x00000000c0000000,0x00000000c89f6170,0x00000000d0580000)
 Metaspace       used 6225K, capacity 7216K, committed 7296K, reserved 1056768K
  class space    used 578K, capacity 616K, committed 640K, reserved 1048576K
}

Deoptimization events (10 events):
Event: 11.492 Thread 0x0000000016bff800 Uncommon trap: reason=bimorphic action=maybe_recompile pc=0x0000000002e1ef64 method=com.android.dx.cf.code.BytecodeArray.parseInstruction(ILcom/android/dx/cf/code/BytecodeArray$Visitor;)I @ 1224
Event: 11.493 Thread 0x0000000016bff800 Uncommon trap: reason=class_check action=maybe_recompile pc=0x0000000003259418 method=com.android.dx.cf.code.Ropper.processBlock(Lcom/android/dx/cf/code/ByteBlock;Lcom/android/dx/cf/code/Frame;[I)V @ 777
Event: 11.493 Thread 0x0000000016bff800 Uncommon trap: reason=unstable_if action=reinterpret pc=0x000000000333acd0 method=com.android.dx.cf.code.Simulator.requiredArrayTypeFor(Lcom/android/dx/rop/type/Type;Lcom/android/dx/rop/type/Type;)Lcom/android/dx/rop/type/Type; @ 16
Event: 11.493 Thread 0x0000000016bff800 Uncommon trap: reason=class_check action=maybe_recompile pc=0x0000000003259418 method=com.android.dx.cf.code.Ropper.processBlock(Lcom/android/dx/cf/code/ByteBlock;Lcom/android/dx/cf/code/Frame;[I)V @ 777
Event: 11.493 Thread 0x0000000016bff800 Uncommon trap: reason=class_check action=maybe_recompile pc=0x0000000003259418 method=com.android.dx.cf.code.Ropper.processBlock(Lcom/android/dx/cf/code/ByteBlock;Lcom/android/dx/cf/code/Frame;[I)V @ 777
Event: 11.498 Thread 0x0000000016bff800 Uncommon trap: reason=unstable_if action=reinterpret pc=0x0000000003393404 method=java.util.BitSet.nextClearBit(I)I @ 45
Event: 11.498 Thread 0x0000000016bff800 Uncommon trap: reason=unstable_if action=reinterpret pc=0x00000000031c5fe8 method=java.util.BitSet.nextClearBit(I)I @ 45
Event: 11.498 Thread 0x0000000016bff800 Uncommon trap: reason=unstable_if action=reinterpret pc=0x000000000332fd30 method=java.util.BitSet.nextClearBit(I)I @ 45
Event: 11.529 Thread 0x0000000016c02800 Uncommon trap: reason=class_check action=maybe_recompile pc=0x0000000002efb524 method=com.android.dx.rop.code.RegisterSpec.getFrameType()Lcom/android/dx/rop/type/TypeBearer; @ 4
Event: 11.529 Thread 0x0000000016c02800 Uncommon trap: reason=bimorphic action=maybe_recompile pc=0x0000000002dbec30 method=com.android.dx.cf.code.Merger.mergeType(Lcom/android/dx/rop/type/TypeBearer;Lcom/android/dx/rop/type/TypeBearer;)Lcom/android/dx/rop/type/TypeBearer; @ 28

Internal exceptions (8 events):
Event: 0.048 Thread 0x0000000002860800 Exception <a 'java/lang/NoSuchMethodError': Method sun.misc.Unsafe.defineClass(Ljava/lang/String;[BII)Ljava/lang/Class; name or signature does not match> (0x00000000eab07cc0) thrown at [C:\src\android\AOSP-openjdk\external\jetbrains\jdk\hotspot\src\share\vý?¼v0l¨?
Event: 0.048 Thread 0x0000000002860800 Exception <a 'java/lang/NoSuchMethodError': Method sun.misc.Unsafe.prefetchRead(Ljava/lang/Object;J)V name or signature does not match> (0x00000000eab07fa8) thrown at [C:\src\android\AOSP-openjdk\external\jetbrains\jdk\hotspot\src\share\vm\prims\jni.cpp, lë™Â’é@
Event: 2.364 Thread 0x0000000016bff800 Implicit null exception at 0x0000000002cc8a5a to 0x0000000002ccb34d
Event: 2.381 Thread 0x0000000016bff800 Implicit null exception at 0x0000000002c8804c to 0x0000000002c8a715
Event: 6.604 Thread 0x0000000016be1800 Exception <a 'java/lang/ArrayIndexOutOfBoundsException': 18> (0x00000000ee076e38) thrown at [C:\src\android\AOSP-openjdk\external\jetbrains\jdk\hotspot\src\share\vm\interpreter\interpreterRuntime.cpp, line 366]
Event: 6.605 Thread 0x0000000016be1800 Exception <a 'java/lang/ArrayIndexOutOfBoundsException'> (0x00000000ee0789b8) thrown at [C:\src\android\AOSP-openjdk\external\jetbrains\jdk\hotspot\src\share\vm\runtime\sharedRuntime.cpp, line 605]
Event: 6.606 Thread 0x0000000016be1800 Exception <a 'java/lang/ArrayIndexOutOfBoundsException'> (0x00000000ee079ca0) thrown at [C:\src\android\AOSP-openjdk\external\jetbrains\jdk\hotspot\src\share\vm\runtime\sharedRuntime.cpp, line 605]
Event: 8.232 Thread 0x0000000016c02800 Implicit null exception at 0x0000000003057dc5 to 0x0000000003059681

Events (10 events):
Event: 11.529 Thread 0x0000000016c02800 DEOPT UNPACKING pc=0x00000000029a556a sp=0x000000001748e270 mode 2
Event: 11.529 Thread 0x0000000016c02800 Uncommon trap: trap_request=0xffffffc6 fr.pc=0x0000000002dbec30
Event: 11.529 Thread 0x0000000016c02800 DEOPT PACKING pc=0x0000000002dbec30 sp=0x000000001748e570
Event: 11.529 Thread 0x0000000016c02800 DEOPT UNPACKING pc=0x00000000029a556a sp=0x000000001748e500 mode 2
Event: 11.568 Thread 0x0000000016bfc800 DEOPT PACKING pc=0x00000000030c882f sp=0x000000001728ea40
Event: 11.568 Thread 0x0000000016bfc800 DEOPT UNPACKING pc=0x00000000029a75bf sp=0x000000001728e7b0 mode 0
Event: 11.578 Thread 0x0000000016bff800 DEOPT PACKING pc=0x0000000002f1b1a8 sp=0x000000001738e870
Event: 11.578 Thread 0x0000000016bff800 DEOPT UNPACKING pc=0x00000000029a75bf sp=0x000000001738e600 mode 0
Event: 11.739 Thread 0x0000000016c02800 DEOPT PACKING pc=0x0000000002f1b1a8 sp=0x000000001748e700
Event: 11.739 Thread 0x0000000016c02800 DEOPT UNPACKING pc=0x00000000029a75bf sp=0x000000001748e490 mode 0


Dynamic libraries:
0x00007ff6198c0000 - 0x00007ff6198f1000 	F:\android-studio-ide-145.2878421-windows_updated\android-studio\jre\bin\java.exe
0x00007ff8f6260000 - 0x00007ff8f6431000 	C:\WINDOWS\SYSTEM32\ntdll.dll
0x00007ff8f49d0000 - 0x00007ff8f4a7b000 	C:\WINDOWS\System32\KERNEL32.DLL
0x00007ff8f27a0000 - 0x00007ff8f29bd000 	C:\WINDOWS\System32\KERNELBASE.dll
0x00007ff8f43d0000 - 0x00007ff8f4472000 	C:\WINDOWS\System32\ADVAPI32.dll
0x00007ff8f3db0000 - 0x00007ff8f3e4e000 	C:\WINDOWS\System32\msvcrt.dll
0x00007ff8f37f0000 - 0x00007ff8f3849000 	C:\WINDOWS\System32\sechost.dll
0x00007ff8f3850000 - 0x00007ff8f3971000 	C:\WINDOWS\System32\RPCRT4.dll
0x00007ff8f4190000 - 0x00007ff8f42f5000 	C:\WINDOWS\System32\USER32.dll
0x00007ff8f2c00000 - 0x00007ff8f2c1e000 	C:\WINDOWS\System32\win32u.dll
0x00007ff8f4790000 - 0x00007ff8f47c4000 	C:\WINDOWS\System32\GDI32.dll
0x00007ff8f2a70000 - 0x00007ff8f2bf2000 	C:\WINDOWS\System32\gdi32full.dll
0x00007ff8e49f0000 - 0x00007ff8e4c69000 	C:\WINDOWS\WinSxS\amd64_microsoft.windows.common-controls_6595b64144ccf1df_6.0.14393.447_none_42191651c6827bb3\COMCTL32.dll
0x00007ff8f4a80000 - 0x00007ff8f4d48000 	C:\WINDOWS\System32\combase.dll
0x00007ff8f36f0000 - 0x00007ff8f37e5000 	C:\WINDOWS\System32\ucrtbase.dll
0x00007ff8f2c80000 - 0x00007ff8f2cea000 	C:\WINDOWS\System32\bcryptPrimitives.dll
0x00007ff8f4730000 - 0x00007ff8f475e000 	C:\WINDOWS\System32\IMM32.DLL
0x0000000074260000 - 0x0000000074332000 	F:\android-studio-ide-145.2878421-windows_updated\android-studio\jre\jre\bin\msvcr100.dll
0x0000000075ca0000 - 0x00000000764d4000 	F:\android-studio-ide-145.2878421-windows_updated\android-studio\jre\jre\bin\server\jvm.dll
0x00007ff8f45c0000 - 0x00007ff8f45c8000 	C:\WINDOWS\System32\PSAPI.DLL
0x00007ff8f0290000 - 0x00007ff8f0299000 	C:\WINDOWS\SYSTEM32\WSOCK32.dll
0x00007ff8f0220000 - 0x00007ff8f0243000 	C:\WINDOWS\SYSTEM32\WINMM.dll
0x00007ff8f0c00000 - 0x00007ff8f0c0a000 	C:\WINDOWS\SYSTEM32\VERSION.dll
0x00007ff8f4110000 - 0x00007ff8f417a000 	C:\WINDOWS\System32\WS2_32.dll
0x00007ff8f01c0000 - 0x00007ff8f01eb000 	C:\WINDOWS\SYSTEM32\WINMMBASE.dll
0x00007ff8f2750000 - 0x00007ff8f2792000 	C:\WINDOWS\System32\cfgmgr32.dll
0x00007ff8f2330000 - 0x00007ff8f233f000 	F:\android-studio-ide-145.2878421-windows_updated\android-studio\jre\jre\bin\verify.dll
0x00007ff8e63a0000 - 0x00007ff8e63c9000 	F:\android-studio-ide-145.2878421-windows_updated\android-studio\jre\jre\bin\java.dll
0x00007ff8e67e0000 - 0x00007ff8e67f6000 	F:\android-studio-ide-145.2878421-windows_updated\android-studio\jre\jre\bin\zip.dll
0x00007ff8f4d50000 - 0x00007ff8f6259000 	C:\WINDOWS\System32\SHELL32.dll
0x00007ff8f3010000 - 0x00007ff8f36ea000 	C:\WINDOWS\System32\windows.storage.dll
0x00007ff8f26d0000 - 0x00007ff8f271c000 	C:\WINDOWS\System32\powrprof.dll
0x00007ff8f3ef0000 - 0x00007ff8f3f42000 	C:\WINDOWS\System32\shlwapi.dll
0x00007ff8f26c0000 - 0x00007ff8f26cf000 	C:\WINDOWS\System32\kernel.appcore.dll
0x00007ff8f2d90000 - 0x00007ff8f2e39000 	C:\WINDOWS\System32\shcore.dll
0x00007ff8f2730000 - 0x00007ff8f2744000 	C:\WINDOWS\System32\profapi.dll

VM Arguments:
jvm_args: -Djava.awt.headless=true -Xmx1024M -Dfile.encoding=windows-1252 -Duser.country=US -Duser.language=en -Duser.variant 
java_command: com.android.dx.command.Main --dex --force-jumbo --num-threads=4 --multi-dex --output F:\SuperNova-Emoji-master\ApexMedia\app\build\intermediates\transforms\dex\debug\folders\1000\5\slice_9 F:\SuperNova-Emoji-master\ApexMedia\app\build\intermediates\transforms\instantRunSlicer\debug\folders\1\5\slice_9
java_class_path (initial): C:\Users\Android\Sdk\build-tools\23.0.2\lib\dx.jar
Launcher Type: SUN_STANDARD

Environment Variables:
PATH=C:\ProgramData\Oracle\Java\javapath;C:\WINDOWS\system32;C:\WINDOWS;C:\WINDOWS\System32\Wbem;C:\WINDOWS\System32\WindowsPowerShell\v1.0\;C:\Program Files (x86)\AMD\ATI.ACE\Core-Static;C:\Program Files\Java\jdk1.8.0_51\bin;%USERPROFILE%\AppData\Local\Microsoft\WindowsApps;
USERNAME=Javed Shaikh
OS=Windows_NT
PROCESSOR_IDENTIFIER=Intel64 Family 6 Model 78 Stepping 3, GenuineIntel



---------------  S Y S T E M  ---------------

OS: Windows 10.0 , 64 bit Build 14393 (10.0.14393.0)

CPU:total 4 (2 cores per cpu, 2 threads per core) family 6 model 78 stepping 3, cmov, cx8, fxsr, mmx, sse, sse2, sse3, ssse3, sse4.1, sse4.2, popcnt, avx, avx2, aes, clmul, erms, 3dnowpref, lzcnt, ht, tsc, tscinvbit, bmi1, bmi2, adx

Memory: 4k page, physical 8245248k(1149404k free), swap 10735616k(93500k free)

vm_info: OpenJDK 64-Bit Server VM (25.76-b03) for windows-amd64 JRE (1.8.0_76-release-b03), built on Jun 29 2016 19:09:20 by "ralucas" with MS VC++ 10.0 (VS2010)

time: Sat Jan 07 21:25:04 2017
elapsed time: 17 seconds (0d 0h 0m 17s)

