#
# There is insufficient memory for the Java Runtime Environment to continue.
# Native memory allocation (malloc) failed to allocate 65552 bytes for Chunk::new
# Possible reasons:
#   The system is out of physical RAM or swap space
#   In 32 bit mode, the process size limit was hit
# Possible solutions:
#   Reduce memory load on the system
#   Increase physical memory or swap space
#   Check if swap backing store is full
#   Use 64 bit Java on a 64 bit OS
#   Decrease Java heap size (-Xmx/-Xms)
#   Decrease number of Java threads
#   Decrease Java thread stack sizes (-Xss)
#   Set larger code cache with -XX:ReservedCodeCacheSize=
# This output file may be truncated or incomplete.
#
#  Out of Memory Error (allocation.cpp:390), pid=4296, tid=0x0000000000000d4c
#
# JRE version: OpenJDK Runtime Environment (8.0_76-b03) (build 1.8.0_76-release-b03)
# Java VM: OpenJDK 64-Bit Server VM (25.76-b03 mixed mode windows-amd64 compressed oops)
# Failed to write core dump. Minidumps are not enabled by default on client versions of Windows
#

---------------  T H R E A D  ---------------

Current thread (0x00000000154db800):  JavaThread "C2 CompilerThread0" daemon [_thread_in_native, id=3404, stack(0x0000000016b40000,0x0000000016c40000)]

Stack: [0x0000000016b40000,0x0000000016c40000]
[error occurred during error reporting (printing stack bounds), id 0xc0000005]

Native frames: (J=compiled Java code, j=interpreted, Vv=VM code, C=native code)


Current CompileTask:
C2:  37994 1754       4       com.android.dx.ssa.Dominators::run (506 bytes)


---------------  P R O C E S S  ---------------

Java Threads: ( => current thread )
  0x000000001709a000 JavaThread "pool-2-thread-4" [_thread_blocked, id=6224, stack(0x0000000017840000,0x0000000017940000)]
  0x0000000016fca000 JavaThread "pool-2-thread-3" [_thread_blocked, id=6808, stack(0x0000000017740000,0x0000000017840000)]
  0x0000000016fc9800 JavaThread "pool-2-thread-2" [_thread_blocked, id=6636, stack(0x0000000017640000,0x0000000017740000)]
  0x0000000016f83800 JavaThread "pool-3-thread-1" [_thread_blocked, id=6436, stack(0x0000000017540000,0x0000000017640000)]
  0x0000000016f82800 JavaThread "pool-2-thread-1" [_thread_blocked, id=7920, stack(0x0000000017440000,0x0000000017540000)]
  0x0000000016e40800 JavaThread "Service Thread" daemon [_thread_blocked, id=6852, stack(0x0000000017240000,0x0000000017340000)]
  0x0000000015535000 JavaThread "C1 CompilerThread2" daemon [_thread_blocked, id=6664, stack(0x0000000016d40000,0x0000000016e40000)]
  0x00000000154dd800 JavaThread "C2 CompilerThread1" daemon [_thread_in_native, id=1468, stack(0x0000000016c40000,0x0000000016d40000)]
=>0x00000000154db800 JavaThread "C2 CompilerThread0" daemon [_thread_in_native, id=3404, stack(0x0000000016b40000,0x0000000016c40000)]
  0x00000000154da000 JavaThread "Attach Listener" daemon [_thread_blocked, id=1140, stack(0x0000000016a40000,0x0000000016b40000)]
  0x00000000154d8800 JavaThread "Signal Dispatcher" daemon [_thread_blocked, id=8060, stack(0x0000000016940000,0x0000000016a40000)]
  0x00000000154c8800 JavaThread "Finalizer" daemon [_thread_blocked, id=3284, stack(0x0000000016750000,0x0000000016850000)]
  0x00000000154a7000 JavaThread "Reference Handler" daemon [_thread_blocked, id=9096, stack(0x0000000016650000,0x0000000016750000)]
  0x0000000002d10800 JavaThread "main" [_thread_blocked, id=3156, stack(0x0000000002b60000,0x0000000002c60000)]

Other Threads:
  0x00000000154a4000 VMThread [stack: 0x0000000016550000,0x0000000016650000] [id=1708]
  0x0000000016e42800 WatcherThread [stack: 0x0000000017340000,0x0000000017440000] [id=4284]

VM state:at safepoint (normal execution)

VM Mutex/Monitor currently owned by a thread:  ([mutex/lock_event])
[0x0000000002d0bc10] Threads_lock - owner thread: 0x00000000154a4000
[0x0000000002d0bd10] Heap_lock - owner thread: 0x000000001709a000

Heap:
 PSYoungGen      total 70656K, used 5118K [0x00000000eab00000, 0x00000000ef500000, 0x0000000100000000)
  eden space 65536K, 0% used [0x00000000eab00000,0x00000000eab00000,0x00000000eeb00000)
  from space 5120K, 99% used [0x00000000ef000000,0x00000000ef4ff9f0,0x00000000ef500000)
  to   space 5120K, 0% used [0x00000000eeb00000,0x00000000eeb00000,0x00000000ef000000)
 ParOldGen       total 116736K, used 102355K [0x00000000c0000000, 0x00000000c7200000, 0x00000000eab00000)
  object space 116736K, 87% used [0x00000000c0000000,0x00000000c63f4eb0,0x00000000c7200000)
 Metaspace       used 5935K, capacity 7088K, committed 7296K, reserved 1056768K
  class space    used 558K, capacity 616K, committed 640K, reserved 1048576K

Card table byte_map: [0x00000000121d0000,0x00000000123e0000] byte_map_base: 0x0000000011bd0000

Marking Bits: (ParMarkBitMap*) 0x0000000076459d00
 Begin Bits: [0x0000000012940000, 0x0000000013940000)
 End Bits:   [0x0000000013940000, 0x0000000014940000)

Polling page: 0x0000000002aa0000

CodeCache: size=245760Kb used=8429Kb max_used=8429Kb free=237330Kb
 bounds [0x0000000002e10000, 0x0000000003660000, 0x0000000011e10000]
 total_blobs=1996 nmethods=1734 adapters=175
 compilation: enabled

Compilation events (10 events):
Event: 33.968 Thread 0x0000000015535000 nmethod 1775 0x000000000364a7d0 code [0x000000000364a980, 0x000000000364ae78]
Event: 33.968 Thread 0x0000000015535000 1778       3       com.android.dx.cf.direct.StdAttributeFactory::constantValue (94 bytes)
Event: 33.970 Thread 0x0000000015535000 nmethod 1778 0x000000000364b110 code [0x000000000364b560, 0x000000000364dca8]
Event: 33.970 Thread 0x0000000015535000 1777       1       com.android.dx.rop.cst.CstLiteral32::isCategory2 (2 bytes)
Event: 33.971 Thread 0x0000000015535000 nmethod 1777 0x0000000003643590 code [0x00000000036436e0, 0x00000000036437f0]
Event: 33.972 Thread 0x0000000015535000 1780       3       com.android.dx.dex.cf.CfTranslator::coerceConstant (144 bytes)
Event: 33.973 Thread 0x0000000015535000 nmethod 1780 0x000000000364fd10 code [0x0000000003650020, 0x0000000003651d88]
Event: 33.988 Thread 0x0000000015535000 1783       1       com.android.dx.cf.attrib.InnerClassList$Item::getOuterClass (5 bytes)
Event: 33.988 Thread 0x0000000015535000 nmethod 1783 0x0000000003647790 code [0x00000000036478e0, 0x00000000036479f0]
Event: 33.988 Thread 0x0000000015535000 1784       3       com.android.dx.dex.file.StringIdsSection::intern (13 bytes)

GC Heap History (10 events):
Event: 13.049 GC heap before
{Heap before GC invocations=4 (full 0):
 PSYoungGen      total 37888K, used 37866K [0x00000000eab00000, 0x00000000ef500000, 0x0000000100000000)
  eden space 32768K, 100% used [0x00000000eab00000,0x00000000ecb00000,0x00000000ecb00000)
  from space 5120K, 99% used [0x00000000ecb00000,0x00000000ecffaa68,0x00000000ed000000)
  to   space 5120K, 0% used [0x00000000ef000000,0x00000000ef000000,0x00000000ef500000)
 ParOldGen       total 86016K, used 24202K [0x00000000c0000000, 0x00000000c5400000, 0x00000000eab00000)
  object space 86016K, 28% used [0x00000000c0000000,0x00000000c17a2a78,0x00000000c5400000)
 Metaspace       used 5832K, capacity 7024K, committed 7296K, reserved 1056768K
  class space    used 558K, capacity 616K, committed 640K, reserved 1048576K
Event: 13.603 GC heap after
Heap after GC invocations=4 (full 0):
 PSYoungGen      total 70656K, used 5113K [0x00000000eab00000, 0x00000000ef500000, 0x0000000100000000)
  eden space 65536K, 0% used [0x00000000eab00000,0x00000000eab00000,0x00000000eeb00000)
  from space 5120K, 99% used [0x00000000ef000000,0x00000000ef4fe6e8,0x00000000ef500000)
  to   space 5120K, 0% used [0x00000000eeb00000,0x00000000eeb00000,0x00000000ef000000)
 ParOldGen       total 86016K, used 33918K [0x00000000c0000000, 0x00000000c5400000, 0x00000000eab00000)
  object space 86016K, 39% used [0x00000000c0000000,0x00000000c211fb18,0x00000000c5400000)
 Metaspace       used 5832K, capacity 7024K, committed 7296K, reserved 1056768K
  class space    used 558K, capacity 616K, committed 640K, reserved 1048576K
}
Event: 14.638 GC heap before
{Heap before GC invocations=5 (full 0):
 PSYoungGen      total 70656K, used 70649K [0x00000000eab00000, 0x00000000ef500000, 0x0000000100000000)
  eden space 65536K, 100% used [0x00000000eab00000,0x00000000eeb00000,0x00000000eeb00000)
  from space 5120K, 99% used [0x00000000ef000000,0x00000000ef4fe6e8,0x00000000ef500000)
  to   space 5120K, 0% used [0x00000000eeb00000,0x00000000eeb00000,0x00000000ef000000)
 ParOldGen       total 86016K, used 33918K [0x00000000c0000000, 0x00000000c5400000, 0x00000000eab00000)
  object space 86016K, 39% used [0x00000000c0000000,0x00000000c211fb18,0x00000000c5400000)
 Metaspace       used 5846K, capacity 7024K, committed 7296K, reserved 1056768K
  class space    used 558K, capacity 616K, committed 640K, reserved 1048576K
Event: 16.719 GC heap after
Heap after GC invocations=5 (full 0):
 PSYoungGen      total 70656K, used 5119K [0x00000000eab00000, 0x00000000ef500000, 0x0000000100000000)
  eden space 65536K, 0% used [0x00000000eab00000,0x00000000eab00000,0x00000000eeb00000)
  from space 5120K, 99% used [0x00000000eeb00000,0x00000000eefffcc0,0x00000000ef000000)
  to   space 5120K, 0% used [0x00000000ef000000,0x00000000ef000000,0x00000000ef500000)
 ParOldGen       total 86016K, used 62437K [0x00000000c0000000, 0x00000000c5400000, 0x00000000eab00000)
  object space 86016K, 72% used [0x00000000c0000000,0x00000000c3cf9568,0x00000000c5400000)
 Metaspace       used 5846K, capacity 7024K, committed 7296K, reserved 1056768K
  class space    used 558K, capacity 616K, committed 640K, reserved 1048576K
}
Event: 16.719 GC heap before
{Heap before GC invocations=6 (full 1):
 PSYoungGen      total 70656K, used 5119K [0x00000000eab00000, 0x00000000ef500000, 0x0000000100000000)
  eden space 65536K, 0% used [0x00000000eab00000,0x00000000eab00000,0x00000000eeb00000)
  from space 5120K, 99% used [0x00000000eeb00000,0x00000000eefffcc0,0x00000000ef000000)
  to   space 5120K, 0% used [0x00000000ef000000,0x00000000ef000000,0x00000000ef500000)
 ParOldGen       total 86016K, used 62437K [0x00000000c0000000, 0x00000000c5400000, 0x00000000eab00000)
  object space 86016K, 72% used [0x00000000c0000000,0x00000000c3cf9568,0x00000000c5400000)
 Metaspace       used 5846K, capacity 7024K, committed 7296K, reserved 1056768K
  class space    used 558K, capacity 616K, committed 640K, reserved 1048576K
Event: 18.459 GC heap after
Heap after GC invocations=6 (full 1):
 PSYoungGen      total 70656K, used 0K [0x00000000eab00000, 0x00000000ef500000, 0x0000000100000000)
  eden space 65536K, 0% used [0x00000000eab00000,0x00000000eab00000,0x00000000eeb00000)
  from space 5120K, 0% used [0x00000000eeb00000,0x00000000eeb00000,0x00000000ef000000)
  to   space 5120K, 0% used [0x00000000ef000000,0x00000000ef000000,0x00000000ef500000)
 ParOldGen       total 116736K, used 45357K [0x00000000c0000000, 0x00000000c7200000, 0x00000000eab00000)
  object space 116736K, 38% used [0x00000000c0000000,0x00000000c2c4b410,0x00000000c7200000)
 Metaspace       used 5846K, capacity 7024K, committed 7296K, reserved 1056768K
  class space    used 558K, capacity 616K, committed 640K, reserved 1048576K
}
Event: 21.423 GC heap before
{Heap before GC invocations=7 (full 1):
 PSYoungGen      total 70656K, used 65536K [0x00000000eab00000, 0x00000000ef500000, 0x0000000100000000)
  eden space 65536K, 100% used [0x00000000eab00000,0x00000000eeb00000,0x00000000eeb00000)
  from space 5120K, 0% used [0x00000000eeb00000,0x00000000eeb00000,0x00000000ef000000)
  to   space 5120K, 0% used [0x00000000ef000000,0x00000000ef000000,0x00000000ef500000)
 ParOldGen       total 116736K, used 45357K [0x00000000c0000000, 0x00000000c7200000, 0x00000000eab00000)
  object space 116736K, 38% used [0x00000000c0000000,0x00000000c2c4b410,0x00000000c7200000)
 Metaspace       used 5924K, capacity 7088K, committed 7296K, reserved 1056768K
  class space    used 558K, capacity 616K, committed 640K, reserved 1048576K
Event: 23.458 GC heap after
Heap after GC invocations=7 (full 1):
 PSYoungGen      total 70656K, used 5120K [0x00000000eab00000, 0x00000000ef500000, 0x0000000100000000)
  eden space 65536K, 0% used [0x00000000eab00000,0x00000000eab00000,0x00000000eeb00000)
  from space 5120K, 100% used [0x00000000ef000000,0x00000000ef500000,0x00000000ef500000)
  to   space 5120K, 0% used [0x00000000eeb00000,0x00000000eeb00000,0x00000000ef000000)
 ParOldGen       total 116736K, used 57684K [0x00000000c0000000, 0x00000000c7200000, 0x00000000eab00000)
  object space 116736K, 49% used [0x00000000c0000000,0x00000000c3855030,0x00000000c7200000)
 Metaspace       used 5924K, capacity 7088K, committed 7296K, reserved 1056768K
  class space    used 558K, capacity 616K, committed 640K, reserved 1048576K
}
Event: 25.491 GC heap before
{Heap before GC invocations=8 (full 1):
 PSYoungGen      total 70656K, used 70656K [0x00000000eab00000, 0x00000000ef500000, 0x0000000100000000)
  eden space 65536K, 100% used [0x00000000eab00000,0x00000000eeb00000,0x00000000eeb00000)
  from space 5120K, 100% used [0x00000000ef000000,0x00000000ef500000,0x00000000ef500000)
  to   space 5120K, 0% used [0x00000000eeb00000,0x00000000eeb00000,0x00000000ef000000)
 ParOldGen       total 116736K, used 57684K [0x00000000c0000000, 0x00000000c7200000, 0x00000000eab00000)
  object space 116736K, 49% used [0x00000000c0000000,0x00000000c3855030,0x00000000c7200000)
 Metaspace       used 5924K, capacity 7088K, committed 7296K, reserved 1056768K
  class space    used 558K, capacity 616K, committed 640K, reserved 1048576K
Event: 27.519 GC heap after
Heap after GC invocations=8 (full 1):
 PSYoungGen      total 70656K, used 5118K [0x00000000eab00000, 0x00000000ef500000, 0x0000000100000000)
  eden space 65536K, 0% used [0x00000000eab00000,0x00000000eab00000,0x00000000eeb00000)
  from space 5120K, 99% used [0x00000000eeb00000,0x00000000eefff9f0,0x00000000ef000000)
  to   space 5120K, 0% used [0x00000000ef000000,0x00000000ef000000,0x00000000ef500000)
 ParOldGen       total 116736K, used 85766K [0x00000000c0000000, 0x00000000c7200000, 0x00000000eab00000)
  object space 116736K, 73% used [0x00000000c0000000,0x00000000c53c18f8,0x00000000c7200000)
 Metaspace       used 5924K, capacity 7088K, committed 7296K, reserved 1056768K
  class space    used 558K, capacity 616K, committed 640K, reserved 1048576K
}

Deoptimization events (10 events):
Event: 13.960 Thread 0x000000001709a000 Uncommon trap: reason=bimorphic action=maybe_recompile pc=0x00000000033f7230 method=com.android.dx.cf.code.Merger.mergeType(Lcom/android/dx/rop/type/TypeBearer;Lcom/android/dx/rop/type/TypeBearer;)Lcom/android/dx/rop/type/TypeBearer; @ 28
Event: 14.442 Thread 0x000000001709a000 Uncommon trap: reason=bimorphic action=maybe_recompile pc=0x00000000033f7230 method=com.android.dx.cf.code.Merger.mergeType(Lcom/android/dx/rop/type/TypeBearer;Lcom/android/dx/rop/type/TypeBearer;)Lcom/android/dx/rop/type/TypeBearer; @ 28
Event: 14.472 Thread 0x000000001709a000 Uncommon trap: reason=uninitialized action=reinterpret pc=0x00000000034b5004 method=com.android.dx.cf.code.BytecodeArray.parseInstruction(ILcom/android/dx/cf/code/BytecodeArray$Visitor;)I @ 1079
Event: 18.663 Thread 0x000000001709a000 Uncommon trap: reason=bimorphic action=maybe_recompile pc=0x0000000002fe01a4 method=java.util.HashMap.getNode(ILjava/lang/Object;)Ljava/util/HashMap$Node; @ 126
Event: 18.663 Thread 0x000000001709a000 Uncommon trap: reason=bimorphic action=maybe_recompile pc=0x0000000002fe01a4 method=java.util.HashMap.getNode(ILjava/lang/Object;)Ljava/util/HashMap$Node; @ 126
Event: 18.663 Thread 0x000000001709a000 Uncommon trap: reason=bimorphic action=maybe_recompile pc=0x0000000002fe01a4 method=java.util.HashMap.getNode(ILjava/lang/Object;)Ljava/util/HashMap$Node; @ 126
Event: 18.663 Thread 0x000000001709a000 Uncommon trap: reason=bimorphic action=maybe_recompile pc=0x0000000002fe01a4 method=java.util.HashMap.getNode(ILjava/lang/Object;)Ljava/util/HashMap$Node; @ 126
Event: 18.663 Thread 0x000000001709a000 Uncommon trap: reason=bimorphic action=maybe_recompile pc=0x00000000030a5d64 method=java.util.HashMap.getNode(ILjava/lang/Object;)Ljava/util/HashMap$Node; @ 126
Event: 18.673 Thread 0x000000001709a000 Uncommon trap: reason=unstable_if action=reinterpret pc=0x00000000033fc508 method=java.util.BitSet.nextClearBit(I)I @ 70
Event: 18.673 Thread 0x000000001709a000 Uncommon trap: reason=unstable_if action=reinterpret pc=0x00000000033fd304 method=java.util.BitSet.nextClearBit(I)I @ 70

Internal exceptions (3 events):
Event: 0.058 Thread 0x0000000002d10800 Exception <a 'java/lang/NoSuchMethodError': Method sun.misc.Unsafe.defineClass(Ljava/lang/String;[BII)Ljava/lang/Class; name or signature does not match> (0x00000000eab07cc0) thrown at [C:\src\android\AOSP-openjdk\external\jetbrains\jdk\hotspot\src\share\vÏtl|Þ­?
Event: 0.058 Thread 0x0000000002d10800 Exception <a 'java/lang/NoSuchMethodError': Method sun.misc.Unsafe.prefetchRead(Ljava/lang/Object;J)V name or signature does not match> (0x00000000eab07fa8) thrown at [C:\src\android\AOSP-openjdk\external\jetbrains\jdk\hotspot\src\share\vm\prims\jni.cpp, l!^ÜÏ×T@
Event: 7.583 Thread 0x000000001709a000 Implicit null exception at 0x00000000032613c5 to 0x0000000003261fd1

Events (10 events):
Event: 27.538 Thread 0x0000000016f82800 DEOPT UNPACKING pc=0x0000000002e575bf sp=0x000000001753e450 mode 0
Event: 27.557 Thread 0x0000000016fc9800 DEOPT PACKING pc=0x0000000003372979 sp=0x000000001773e660
Event: 27.557 Thread 0x0000000016fc9800 DEOPT UNPACKING pc=0x0000000002e575bf sp=0x000000001773e4a0 mode 0
Event: 27.579 Thread 0x0000000016fca000 DEOPT PACKING pc=0x000000000349bc46 sp=0x000000001783eb80
Event: 27.579 Thread 0x0000000016fca000 DEOPT UNPACKING pc=0x0000000002e575bf sp=0x000000001783e8a0 mode 0
Event: 27.615 Thread 0x0000000002d10800 DEOPT PACKING pc=0x000000000349bc46 sp=0x0000000002c5e050
Event: 27.615 Thread 0x0000000002d10800 DEOPT UNPACKING pc=0x0000000002e575bf sp=0x0000000002c5dd70 mode 0
Event: 31.955 Thread 0x0000000016f82800 DEOPT PACKING pc=0x000000000349bc46 sp=0x000000001753e860
Event: 31.955 Thread 0x0000000016f82800 DEOPT UNPACKING pc=0x0000000002e575bf sp=0x000000001753e580 mode 0
Event: 34.156 Executing VM operation: ParallelGCFailedAllocation


Dynamic libraries:
0x00007ff6198c0000 - 0x00007ff6198f1000 	F:\android-studio-ide-145.2878421-windows_updated\android-studio\jre\bin\java.exe
0x00007ff8f6260000 - 0x00007ff8f6431000 	C:\WINDOWS\SYSTEM32\ntdll.dll
0x00007ff8f49d0000 - 0x00007ff8f4a7b000 	C:\WINDOWS\System32\KERNEL32.DLL
0x00007ff8f27a0000 - 0x00007ff8f29bd000 	C:\WINDOWS\System32\KERNELBASE.dll
0x00007ff8f43d0000 - 0x00007ff8f4472000 	C:\WINDOWS\System32\ADVAPI32.dll
0x00007ff8f3db0000 - 0x00007ff8f3e4e000 	C:\WINDOWS\System32\msvcrt.dll
0x00007ff8f37f0000 - 0x00007ff8f3849000 	C:\WINDOWS\System32\sechost.dll
0x00007ff8f3850000 - 0x00007ff8f3971000 	C:\WINDOWS\System32\RPCRT4.dll
0x00007ff8f4190000 - 0x00007ff8f42f5000 	C:\WINDOWS\System32\USER32.dll
0x00007ff8f2c00000 - 0x00007ff8f2c1e000 	C:\WINDOWS\System32\win32u.dll
0x00007ff8f4790000 - 0x00007ff8f47c4000 	C:\WINDOWS\System32\GDI32.dll
0x00007ff8f2a70000 - 0x00007ff8f2bf2000 	C:\WINDOWS\System32\gdi32full.dll
0x00007ff8e49f0000 - 0x00007ff8e4c69000 	C:\WINDOWS\WinSxS\amd64_microsoft.windows.common-controls_6595b64144ccf1df_6.0.14393.447_none_42191651c6827bb3\COMCTL32.dll
0x00007ff8f4a80000 - 0x00007ff8f4d48000 	C:\WINDOWS\System32\combase.dll
0x00007ff8f36f0000 - 0x00007ff8f37e5000 	C:\WINDOWS\System32\ucrtbase.dll
0x00007ff8f2c80000 - 0x00007ff8f2cea000 	C:\WINDOWS\System32\bcryptPrimitives.dll
0x00007ff8f4730000 - 0x00007ff8f475e000 	C:\WINDOWS\System32\IMM32.DLL
0x0000000074260000 - 0x0000000074332000 	F:\android-studio-ide-145.2878421-windows_updated\android-studio\jre\jre\bin\msvcr100.dll
0x0000000075ca0000 - 0x00000000764d4000 	F:\android-studio-ide-145.2878421-windows_updated\android-studio\jre\jre\bin\server\jvm.dll
0x00007ff8f45c0000 - 0x00007ff8f45c8000 	C:\WINDOWS\System32\PSAPI.DLL
0x00007ff8f0290000 - 0x00007ff8f0299000 	C:\WINDOWS\SYSTEM32\WSOCK32.dll
0x00007ff8f4110000 - 0x00007ff8f417a000 	C:\WINDOWS\System32\WS2_32.dll
0x00007ff8f0220000 - 0x00007ff8f0243000 	C:\WINDOWS\SYSTEM32\WINMM.dll
0x00007ff8f0c00000 - 0x00007ff8f0c0a000 	C:\WINDOWS\SYSTEM32\VERSION.dll
0x00007ff8f01c0000 - 0x00007ff8f01eb000 	C:\WINDOWS\SYSTEM32\WINMMBASE.dll
0x00007ff8f2750000 - 0x00007ff8f2792000 	C:\WINDOWS\System32\cfgmgr32.dll
0x00007ff8f2330000 - 0x00007ff8f233f000 	F:\android-studio-ide-145.2878421-windows_updated\android-studio\jre\jre\bin\verify.dll
0x00007ff8e63a0000 - 0x00007ff8e63c9000 	F:\android-studio-ide-145.2878421-windows_updated\android-studio\jre\jre\bin\java.dll
0x00007ff8e67e0000 - 0x00007ff8e67f6000 	F:\android-studio-ide-145.2878421-windows_updated\android-studio\jre\jre\bin\zip.dll
0x00007ff8f4d50000 - 0x00007ff8f6259000 	C:\WINDOWS\System32\SHELL32.dll
0x00007ff8f3010000 - 0x00007ff8f36ea000 	C:\WINDOWS\System32\windows.storage.dll
0x00007ff8f26d0000 - 0x00007ff8f271c000 	C:\WINDOWS\System32\powrprof.dll
0x00007ff8f3ef0000 - 0x00007ff8f3f42000 	C:\WINDOWS\System32\shlwapi.dll
0x00007ff8f26c0000 - 0x00007ff8f26cf000 	C:\WINDOWS\System32\kernel.appcore.dll
0x00007ff8f2d90000 - 0x00007ff8f2e39000 	C:\WINDOWS\System32\shcore.dll
0x00007ff8f2730000 - 0x00007ff8f2744000 	C:\WINDOWS\System32\profapi.dll

VM Arguments:
jvm_args: -Djava.awt.headless=true -Xmx1024M -Dfile.encoding=windows-1252 -Duser.country=US -Duser.language=en -Duser.variant 
java_command: com.android.dx.command.Main --dex --force-jumbo --num-threads=4 --multi-dex --output F:\SuperNova-Emoji-master\ApexMedia\app\build\intermediates\transforms\dex\debug\folders\1000\5\slice_8 F:\SuperNova-Emoji-master\ApexMedia\app\build\intermediates\transforms\instantRunSlicer\debug\folders\1\5\slice_8
java_class_path (initial): C:\Users\Android\Sdk\build-tools\23.0.2\lib\dx.jar
Launcher Type: SUN_STANDARD

Environment Variables:
PATH=C:\ProgramData\Oracle\Java\javapath;C:\WINDOWS\system32;C:\WINDOWS;C:\WINDOWS\System32\Wbem;C:\WINDOWS\System32\WindowsPowerShell\v1.0\;C:\Program Files (x86)\AMD\ATI.ACE\Core-Static;C:\Program Files\Java\jdk1.8.0_51\bin;%USERPROFILE%\AppData\Local\Microsoft\WindowsApps;
USERNAME=Javed Shaikh
OS=Windows_NT
PROCESSOR_IDENTIFIER=Intel64 Family 6 Model 78 Stepping 3, GenuineIntel



---------------  S Y S T E M  ---------------

OS: Windows 10.0 , 64 bit Build 14393 (10.0.14393.0)

CPU:total 4 (2 cores per cpu, 2 threads per core) family 6 model 78 stepping 3, cmov, cx8, fxsr, mmx, sse, sse2, sse3, ssse3, sse4.1, sse4.2, popcnt, avx, avx2, aes, clmul, erms, 3dnowpref, lzcnt, ht, tsc, tscinvbit, bmi1, bmi2, adx

Memory: 4k page, physical 8245248k(1246712k free), swap 10735616k(128k free)

vm_info: OpenJDK 64-Bit Server VM (25.76-b03) for windows-amd64 JRE (1.8.0_76-release-b03), built on Jun 29 2016 19:09:20 by "ralucas" with MS VC++ 10.0 (VS2010)

time: Sat Jan 07 21:26:06 2017
elapsed time: 38 seconds (0d 0h 0m 38s)

